{
  "RSpec": {
    "coverage": {
      "/Users/sname/acegrid/BuyMore/spec/models/customer_spec.rb": [
        1,
        null,
        1,
        1,
        1,
        null,
        null,
        10,
        null,
        1,
        1,
        2,
        2,
        2,
        2,
        null,
        null,
        null,
        1,
        2,
        2,
        2,
        2,
        2,
        null,
        null
      ],
      "/Users/sname/acegrid/BuyMore/spec/rails_helper.rb": [
        null,
        1,
        1,
        null,
        1,
        1,
        1,
        null,
        null,
        1,
        null,
        1,
        null,
        null,
        null,
        null,
        1,
        null,
        1,
        1,
        null,
        null,
        1,
        null,
        null,
        null,
        1,
        1,
        1,
        1,
        null,
        null
      ],
      "/Users/sname/acegrid/BuyMore/config/environment.rb": [
        null,
        1,
        null,
        null,
        1
      ],
      "/Users/sname/acegrid/BuyMore/config/application.rb": [
        1,
        null,
        1,
        null,
        null,
        null,
        1,
        null,
        1,
        1,
        null,
        null,
        null,
        null,
        null,
        null,
        null,
        null,
        null,
        null,
        null,
        null,
        null,
        1,
        null,
        null
      ],
      "/Users/sname/acegrid/BuyMore/config/boot.rb": [
        1,
        null,
        1
      ],
      "/Users/sname/acegrid/BuyMore/config/environments/test.rb": [
        1,
        null,
        null,
        null,
        null,
        null,
        null,
        1,
        null,
        null,
        null,
        null,
        1,
        null,
        null,
        1,
        1,
        null,
        null,
        1,
        1,
        null,
        null,
        1,
        null,
        null,
        1,
        null,
        null,
        null,
        null,
        1,
        null,
        null,
        1,
        null,
        null,
        1,
        null,
        null,
        null,
        null
      ],
      "/Users/sname/acegrid/BuyMore/config/initializers/assets.rb": [
        null,
        null,
        null,
        1,
        null,
        null,
        null,
        null,
        null,
        null,
        null
      ],
      "/Users/sname/acegrid/BuyMore/config/initializers/backtrace_silencers.rb": [
        null,
        null,
        null,
        null,
        null,
        null,
        null
      ],
      "/Users/sname/acegrid/BuyMore/config/initializers/cookies_serializer.rb": [
        null,
        null,
        1
      ],
      "/Users/sname/acegrid/BuyMore/config/initializers/filter_parameter_logging.rb": [
        null,
        null,
        null,
        1
      ],
      "/Users/sname/acegrid/BuyMore/config/initializers/inflections.rb": [
        null,
        null,
        null,
        null,
        null,
        null,
        null,
        null,
        null,
        null,
        null,
        null,
        null,
        null,
        null,
        null
      ],
      "/Users/sname/acegrid/BuyMore/config/initializers/mime_types.rb": [
        null,
        null,
        null,
        null
      ],
      "/Users/sname/acegrid/BuyMore/config/initializers/session_store.rb": [
        null,
        null,
        1
      ],
      "/Users/sname/acegrid/BuyMore/config/initializers/wrap_parameters.rb": [
        null,
        null,
        null,
        null,
        null,
        null,
        1,
        1,
        null,
        null,
        null,
        null,
        null,
        null
      ],
      "/Users/sname/acegrid/BuyMore/spec/factories/customers.rb": [
        1,
        1,
        22,
        22,
        22,
        22,
        null,
        null
      ],
      "/Users/sname/acegrid/BuyMore/spec/factories/order_lines.rb": [
        1,
        1,
        1,
        1,
        1,
        1,
        1,
        null,
        null
      ],
      "/Users/sname/acegrid/BuyMore/spec/factories/orders.rb": [
        1,
        1,
        12,
        1,
        1,
        1,
        null,
        null
      ],
      "/Users/sname/acegrid/BuyMore/spec/factories/products.rb": [
        1,
        1,
        17,
        17,
        17,
        17,
        null,
        null
      ],
      "/Users/sname/acegrid/BuyMore/config/routes.rb": [
        1,
        null,
        null,
        null,
        null,
        1,
        null,
        1,
        1,
        null,
        1,
        1,
        1,
        1,
        null,
        1,
        null,
        1,
        null
      ],
      "/Users/sname/acegrid/BuyMore/app/helpers/application_helper.rb": [
        1,
        null
      ],
      "/Users/sname/acegrid/BuyMore/app/helpers/carts_helper.rb": [
        1,
        null
      ],
      "/Users/sname/acegrid/BuyMore/app/helpers/customers_helper.rb": [
        1,
        null
      ],
      "/Users/sname/acegrid/BuyMore/app/helpers/orders_helper.rb": [
        1,
        null
      ],
      "/Users/sname/acegrid/BuyMore/app/helpers/products_helper.rb": [
        1,
        null
      ],
      "/Users/sname/acegrid/BuyMore/app/helpers/sessions_helper.rb": [
        1,
        null
      ],
      "/Users/sname/acegrid/BuyMore/app/models/customer.rb": [
        1,
        1,
        null,
        1,
        1,
        1,
        1,
        1,
        null
      ],
      "/Users/sname/acegrid/BuyMore/spec/models/order_line_spec.rb": [
        1,
        null,
        1,
        1,
        1,
        null,
        null,
        6,
        null,
        1,
        1,
        2,
        2,
        2,
        2,
        2,
        null,
        null,
        null
      ],
      "/Users/sname/acegrid/BuyMore/app/models/order_line.rb": [
        1,
        1,
        1,
        null
      ],
      "/Users/sname/acegrid/BuyMore/spec/models/order_spec.rb": [
        1,
        null,
        1,
        1,
        1,
        null,
        null,
        5,
        null,
        1,
        1,
        2,
        2,
        2,
        2,
        null,
        null,
        null
      ],
      "/Users/sname/acegrid/BuyMore/app/models/order.rb": [
        1,
        1,
        1,
        null,
        1,
        null
      ],
      "/Users/sname/acegrid/BuyMore/spec/models/product_spec.rb": [
        1,
        null,
        1,
        1,
        1,
        null,
        null,
        10,
        null,
        1,
        1,
        2,
        2,
        2,
        2,
        2,
        null,
        null,
        null,
        1,
        2,
        2,
        2,
        2,
        null,
        null,
        null
      ],
      "/Users/sname/acegrid/BuyMore/app/models/product.rb": [
        1,
        1,
        null,
        1,
        1,
        1,
        1,
        null
      ]
    },
    "timestamp": 1478386629
  }
}
